<?xml version="1.0" encoding="UTF-8"?>
<!-- Generated by org.testng.reporters.JUnitXMLReporter -->
<testsuite hostname="JyotiLappy" ignored="0" name="functional test" tests="2" failures="0" timestamp="05 May 2019 10:35:54 GMT" time="62.753" errors="0">
  <testcase name="loginTest" time="8.197" classname="com.PracticeProject.testCases.TC_loginTest_001"/>
  <testcase name="addNewCustomer" time="27.967" classname="com.PracticeProject.testCases.TC_AddCustomerTest_003"/>
</testsuite> <!-- functional test -->
