<?xml version="1.0" encoding="UTF-8"?>
<!-- Generated by org.testng.reporters.JUnitXMLReporter -->
<testsuite hostname="JyotiLappy" ignored="0" name="functional test" tests="2" failures="0" timestamp="11 Apr 2019 16:40:50 GMT" time="69.829" errors="0">
  <testcase name="loginTest" time="8.492" classname="com.PracticeProject.testCases.TC_loginTest_001"/>
  <testcase name="addNewCustomer" time="38.57" classname="com.PracticeProject.testCases.TC_AddCustomerTest_003"/>
</testsuite> <!-- functional test -->
